2015-06-03 06:57:21 Notice: Strict (2048): Declaration of App\Controller\Component\IndicatorComponent::initialize() should be compatible with Cake\Controller\Component::initialize(array $config) in [C:\-- Projects --\dfaNew\src\Controller\Component\IndicatorComponent.php, line 53]
Trace:
Cake\Error\BaseErrorHandler::handleError() - CORE\src\Error\BaseErrorHandler.php, line 138
Composer\Autoload\includeFile - ROOT\vendor\composer\ClassLoader.php, line 412
Composer\Autoload\includeFile - ROOT\vendor\composer\ClassLoader.php, line 412
Composer\Autoload\ClassLoader::loadClass() - ROOT\vendor\composer\ClassLoader.php, line 301
spl_autoload_call - [internal], line ??
class_exists - [internal], line ??
Cake\Core\App::_classExistsInBase() - CORE\src\Core\App.php, line 89
Cake\Core\App::className() - CORE\src\Core\App.php, line 66
Cake\Controller\ComponentRegistry::_resolveClassName() - CORE\src\Controller\ComponentRegistry.php, line 72
Cake\Core\ObjectRegistry::load() - CORE\src\Core\ObjectRegistry.php, line 84
Cake\Controller\Controller::loadComponent() - CORE\src\Controller\Controller.php, line 328
Cake\Controller\Controller::_loadComponents() - CORE\src\Controller\Controller.php, line 456
Cake\Controller\Controller::__construct() - CORE\src\Controller\Controller.php, line 280
ReflectionClass::newInstance() - [internal], line ??
Cake\Routing\Filter\ControllerFactoryFilter::_getController() - CORE\src\Routing\Filter\ControllerFactoryFilter.php, line 87
Cake\Routing\Filter\ControllerFactoryFilter::beforeDispatch() - CORE\src\Routing\Filter\ControllerFactoryFilter.php, line 49
Cake\Routing\DispatcherFilter::handle() - CORE\src\Routing\DispatcherFilter.php, line 145
Cake\Event\EventManager::_callListener() - CORE\src\Event\EventManager.php, line 385
Cake\Event\EventManager::dispatch() - CORE\src\Event\EventManager.php, line 351
Cake\Routing\Dispatcher::dispatchEvent() - CORE\src\Event\EventManagerTrait.php, line 78
Cake\Routing\Dispatcher::dispatch() - CORE\src\Routing\Dispatcher.php, line 62
[main] - ROOT\webroot\index.php, line 37



2015-06-03 09:10:23 Notice: Notice (8): Undefined variable: fields in [C:\-- Projects --\dfaNew\src\Controller\Component\IndicatorComponent.php, line 25]
Trace:
Cake\Error\BaseErrorHandler::handleError() - CORE\src\Error\BaseErrorHandler.php, line 138
App\Controller\Component\IndicatorComponent::getDataByIds() - APP/Controller\Component\IndicatorComponent.php, line 25
App\Controller\ServicesController::serviceQuery() - APP/Controller\ServicesController.php, line 43
Cake\Controller\Controller::invokeAction() - CORE\src\Controller\Controller.php, line 410
Cake\Routing\Dispatcher::_invoke() - CORE\src\Routing\Dispatcher.php, line 114
Cake\Routing\Dispatcher::dispatch() - CORE\src\Routing\Dispatcher.php, line 87
[main] - ROOT\webroot\index.php, line 37



2015-06-03 09:10:23 Notice: Notice (8): Undefined variable: returnData in [C:\-- Projects --\dfaNew\src\Controller\ServicesController.php, line 54]
Trace:
Cake\Error\BaseErrorHandler::handleError() - CORE\src\Error\BaseErrorHandler.php, line 138
App\Controller\ServicesController::serviceQuery() - APP/Controller\ServicesController.php, line 54
Cake\Controller\Controller::invokeAction() - CORE\src\Controller\Controller.php, line 410
Cake\Routing\Dispatcher::_invoke() - CORE\src\Routing\Dispatcher.php, line 114
Cake\Routing\Dispatcher::dispatch() - CORE\src\Routing\Dispatcher.php, line 87
[main] - ROOT\webroot\index.php, line 37



2015-06-03 09:10:59 Notice: Notice (8): Undefined variable: fields in [C:\-- Projects --\dfaNew\src\Controller\Component\IndicatorComponent.php, line 25]
Trace:
Cake\Error\BaseErrorHandler::handleError() - CORE\src\Error\BaseErrorHandler.php, line 138
App\Controller\Component\IndicatorComponent::getDataByIds() - APP/Controller\Component\IndicatorComponent.php, line 25
App\Controller\ServicesController::serviceQuery() - APP/Controller\ServicesController.php, line 44
Cake\Controller\Controller::invokeAction() - CORE\src\Controller\Controller.php, line 410
Cake\Routing\Dispatcher::_invoke() - CORE\src\Routing\Dispatcher.php, line 114
Cake\Routing\Dispatcher::dispatch() - CORE\src\Routing\Dispatcher.php, line 87
[main] - ROOT\webroot\index.php, line 37



2015-06-03 09:10:59 Notice: Notice (8): Undefined variable: returnData in [C:\-- Projects --\dfaNew\src\Controller\ServicesController.php, line 55]
Trace:
Cake\Error\BaseErrorHandler::handleError() - CORE\src\Error\BaseErrorHandler.php, line 138
App\Controller\ServicesController::serviceQuery() - APP/Controller\ServicesController.php, line 55
Cake\Controller\Controller::invokeAction() - CORE\src\Controller\Controller.php, line 410
Cake\Routing\Dispatcher::_invoke() - CORE\src\Routing\Dispatcher.php, line 114
Cake\Routing\Dispatcher::dispatch() - CORE\src\Routing\Dispatcher.php, line 87
[main] - ROOT\webroot\index.php, line 37



2015-06-03 09:11:18 Notice: Notice (8): Undefined variable: fields in [C:\-- Projects --\dfaNew\src\Controller\Component\IndicatorComponent.php, line 25]
Trace:
Cake\Error\BaseErrorHandler::handleError() - CORE\src\Error\BaseErrorHandler.php, line 138
App\Controller\Component\IndicatorComponent::getDataByIds() - APP/Controller\Component\IndicatorComponent.php, line 25
App\Controller\ServicesController::serviceQuery() - APP/Controller\ServicesController.php, line 44
Cake\Controller\Controller::invokeAction() - CORE\src\Controller\Controller.php, line 410
Cake\Routing\Dispatcher::_invoke() - CORE\src\Routing\Dispatcher.php, line 114
Cake\Routing\Dispatcher::dispatch() - CORE\src\Routing\Dispatcher.php, line 87
[main] - ROOT\webroot\index.php, line 37



2015-06-04 09:20:08 Notice: Notice (8): Undefined property: Cake\ORM\ResultSet::$items in [C:\-- Projects --\dfaNew\src\Model\Table\UTIndicatorEnTable.php, line 44]
Trace:
Cake\Error\BaseErrorHandler::handleError() - CORE\src\Error\BaseErrorHandler.php, line 138
App\Model\Table\UTIndicatorEnTable::getDataByIds() - APP/Model\Table\UTIndicatorEnTable.php, line 44
App\Controller\Component\IndicatorComponent::getDataByIds() - APP/Controller\Component\IndicatorComponent.php, line 25
App\Controller\ServicesController::serviceQuery() - APP/Controller\ServicesController.php, line 44
Cake\Controller\Controller::invokeAction() - CORE\src\Controller\Controller.php, line 410
Cake\Routing\Dispatcher::_invoke() - CORE\src\Routing\Dispatcher.php, line 114
Cake\Routing\Dispatcher::dispatch() - CORE\src\Routing\Dispatcher.php, line 87
[main] - ROOT\webroot\index.php, line 37



2015-06-04 09:20:20 Notice: Notice (8): Undefined property: Cake\ORM\ResultSet::$items in [C:\-- Projects --\dfaNew\src\Model\Table\UTIndicatorEnTable.php, line 45]
Trace:
Cake\Error\BaseErrorHandler::handleError() - CORE\src\Error\BaseErrorHandler.php, line 138
App\Model\Table\UTIndicatorEnTable::getDataByIds() - APP/Model\Table\UTIndicatorEnTable.php, line 45
App\Controller\Component\IndicatorComponent::getDataByIds() - APP/Controller\Component\IndicatorComponent.php, line 25
App\Controller\ServicesController::serviceQuery() - APP/Controller\ServicesController.php, line 44
Cake\Controller\Controller::invokeAction() - CORE\src\Controller\Controller.php, line 410
Cake\Routing\Dispatcher::_invoke() - CORE\src\Routing\Dispatcher.php, line 114
Cake\Routing\Dispatcher::dispatch() - CORE\src\Routing\Dispatcher.php, line 87
[main] - ROOT\webroot\index.php, line 37



2015-06-04 09:20:44 Notice: Notice (8): Undefined property: Cake\ORM\ResultSet::$Indicator_NId in [C:\-- Projects --\dfaNew\src\Model\Table\UTIndicatorEnTable.php, line 45]
Trace:
Cake\Error\BaseErrorHandler::handleError() - CORE\src\Error\BaseErrorHandler.php, line 138
App\Model\Table\UTIndicatorEnTable::getDataByIds() - APP/Model\Table\UTIndicatorEnTable.php, line 45
App\Controller\Component\IndicatorComponent::getDataByIds() - APP/Controller\Component\IndicatorComponent.php, line 25
App\Controller\ServicesController::serviceQuery() - APP/Controller\ServicesController.php, line 44
Cake\Controller\Controller::invokeAction() - CORE\src\Controller\Controller.php, line 410
Cake\Routing\Dispatcher::_invoke() - CORE\src\Routing\Dispatcher.php, line 114
Cake\Routing\Dispatcher::dispatch() - CORE\src\Routing\Dispatcher.php, line 87
[main] - ROOT\webroot\index.php, line 37



2015-06-04 09:20:49 Notice: Notice (8): Undefined property: Cake\ORM\ResultSet::$Indicator_NId in [C:\-- Projects --\dfaNew\src\Model\Table\UTIndicatorEnTable.php, line 45]
Trace:
Cake\Error\BaseErrorHandler::handleError() - CORE\src\Error\BaseErrorHandler.php, line 138
App\Model\Table\UTIndicatorEnTable::getDataByIds() - APP/Model\Table\UTIndicatorEnTable.php, line 45
App\Controller\Component\IndicatorComponent::getDataByIds() - APP/Controller\Component\IndicatorComponent.php, line 25
App\Controller\ServicesController::serviceQuery() - APP/Controller\ServicesController.php, line 44
Cake\Controller\Controller::invokeAction() - CORE\src\Controller\Controller.php, line 410
Cake\Routing\Dispatcher::_invoke() - CORE\src\Routing\Dispatcher.php, line 114
Cake\Routing\Dispatcher::dispatch() - CORE\src\Routing\Dispatcher.php, line 87
[main] - ROOT\webroot\index.php, line 37



2015-06-04 09:20:51 Notice: Notice (8): Undefined property: Cake\ORM\ResultSet::$Indicator_NId in [C:\-- Projects --\dfaNew\src\Model\Table\UTIndicatorEnTable.php, line 45]
Trace:
Cake\Error\BaseErrorHandler::handleError() - CORE\src\Error\BaseErrorHandler.php, line 138
App\Model\Table\UTIndicatorEnTable::getDataByIds() - APP/Model\Table\UTIndicatorEnTable.php, line 45
App\Controller\Component\IndicatorComponent::getDataByIds() - APP/Controller\Component\IndicatorComponent.php, line 25
App\Controller\ServicesController::serviceQuery() - APP/Controller\ServicesController.php, line 44
Cake\Controller\Controller::invokeAction() - CORE\src\Controller\Controller.php, line 410
Cake\Routing\Dispatcher::_invoke() - CORE\src\Routing\Dispatcher.php, line 114
Cake\Routing\Dispatcher::dispatch() - CORE\src\Routing\Dispatcher.php, line 87
[main] - ROOT\webroot\index.php, line 37



2015-06-04 09:23:48 Notice: Notice (8): Undefined property: Cake\ORM\ResultSet::$Indicator_Name in [C:\-- Projects --\dfaNew\src\Model\Table\UTIndicatorEnTable.php, line 46]
Trace:
Cake\Error\BaseErrorHandler::handleError() - CORE\src\Error\BaseErrorHandler.php, line 138
App\Model\Table\UTIndicatorEnTable::getDataByIds() - APP/Model\Table\UTIndicatorEnTable.php, line 46
App\Controller\Component\IndicatorComponent::getDataByIds() - APP/Controller\Component\IndicatorComponent.php, line 25
App\Controller\ServicesController::serviceQuery() - APP/Controller\ServicesController.php, line 44
Cake\Controller\Controller::invokeAction() - CORE\src\Controller\Controller.php, line 410
Cake\Routing\Dispatcher::_invoke() - CORE\src\Routing\Dispatcher.php, line 114
Cake\Routing\Dispatcher::dispatch() - CORE\src\Routing\Dispatcher.php, line 87
[main] - ROOT\webroot\index.php, line 37



2015-06-04 09:24:33 Notice: Notice (8): Trying to get property of non-object in [C:\-- Projects --\dfaNew\src\Model\Table\UTIndicatorEnTable.php, line 46]
Trace:
Cake\Error\BaseErrorHandler::handleError() - CORE\src\Error\BaseErrorHandler.php, line 138
App\Model\Table\UTIndicatorEnTable::getDataByIds() - APP/Model\Table\UTIndicatorEnTable.php, line 46
App\Controller\Component\IndicatorComponent::getDataByIds() - APP/Controller\Component\IndicatorComponent.php, line 25
App\Controller\ServicesController::serviceQuery() - APP/Controller\ServicesController.php, line 44
Cake\Controller\Controller::invokeAction() - CORE\src\Controller\Controller.php, line 410
Cake\Routing\Dispatcher::_invoke() - CORE\src\Routing\Dispatcher.php, line 114
Cake\Routing\Dispatcher::dispatch() - CORE\src\Routing\Dispatcher.php, line 87
[main] - ROOT\webroot\index.php, line 37



2015-06-07 14:45:12 Notice: Notice (8): Undefined index: TimePeriodData in [C:\wamp\www\dfa_devinfo_data_admin\src\Controller\ServicesController.php, line 48]
Trace:
Cake\Error\BaseErrorHandler::handleError() - CORE\src\Error\BaseErrorHandler.php, line 138
App\Controller\ServicesController::serviceQuery() - APP/Controller\ServicesController.php, line 48
Cake\Controller\Controller::invokeAction() - CORE\src\Controller\Controller.php, line 410
Cake\Routing\Dispatcher::_invoke() - CORE\src\Routing\Dispatcher.php, line 114
Cake\Routing\Dispatcher::dispatch() - CORE\src\Routing\Dispatcher.php, line 87
require - ROOT\webroot\index.php, line 37
[main] - ROOT\index.php, line 16



2015-06-07 14:45:41 Notice: Notice (8): Undefined index: TimePeriodData in [C:\wamp\www\dfa_devinfo_data_admin\src\Controller\ServicesController.php, line 48]
Trace:
Cake\Error\BaseErrorHandler::handleError() - CORE\src\Error\BaseErrorHandler.php, line 138
App\Controller\ServicesController::serviceQuery() - APP/Controller\ServicesController.php, line 48
Cake\Controller\Controller::invokeAction() - CORE\src\Controller\Controller.php, line 410
Cake\Routing\Dispatcher::_invoke() - CORE\src\Routing\Dispatcher.php, line 114
Cake\Routing\Dispatcher::dispatch() - CORE\src\Routing\Dispatcher.php, line 87
require - ROOT\webroot\index.php, line 37
[main] - ROOT\index.php, line 16



2015-06-07 14:46:07 Notice: Notice (8): Undefined index: TimePeriodData in [C:\wamp\www\dfa_devinfo_data_admin\src\Controller\ServicesController.php, line 48]
Trace:
Cake\Error\BaseErrorHandler::handleError() - CORE\src\Error\BaseErrorHandler.php, line 138
App\Controller\ServicesController::serviceQuery() - APP/Controller\ServicesController.php, line 48
Cake\Controller\Controller::invokeAction() - CORE\src\Controller\Controller.php, line 410
Cake\Routing\Dispatcher::_invoke() - CORE\src\Routing\Dispatcher.php, line 114
Cake\Routing\Dispatcher::dispatch() - CORE\src\Routing\Dispatcher.php, line 87
require - ROOT\webroot\index.php, line 37
[main] - ROOT\index.php, line 16



2015-06-07 14:46:22 Notice: Notice (8): Undefined index: TimePeriodData in [C:\wamp\www\dfa_devinfo_data_admin\src\Controller\ServicesController.php, line 48]
Trace:
Cake\Error\BaseErrorHandler::handleError() - CORE\src\Error\BaseErrorHandler.php, line 138
App\Controller\ServicesController::serviceQuery() - APP/Controller\ServicesController.php, line 48
Cake\Controller\Controller::invokeAction() - CORE\src\Controller\Controller.php, line 410
Cake\Routing\Dispatcher::_invoke() - CORE\src\Routing\Dispatcher.php, line 114
Cake\Routing\Dispatcher::dispatch() - CORE\src\Routing\Dispatcher.php, line 87
require - ROOT\webroot\index.php, line 37
[main] - ROOT\index.php, line 16



2015-06-07 14:54:47 Notice: Notice (8): Undefined index: TimePeriodData in [C:\wamp\www\dfa_devinfo_data_admin\src\Controller\ServicesController.php, line 50]
Trace:
Cake\Error\BaseErrorHandler::handleError() - CORE\src\Error\BaseErrorHandler.php, line 138
App\Controller\ServicesController::serviceQuery() - APP/Controller\ServicesController.php, line 50
Cake\Controller\Controller::invokeAction() - CORE\src\Controller\Controller.php, line 410
Cake\Routing\Dispatcher::_invoke() - CORE\src\Routing\Dispatcher.php, line 114
Cake\Routing\Dispatcher::dispatch() - CORE\src\Routing\Dispatcher.php, line 87
require - ROOT\webroot\index.php, line 37
[main] - ROOT\index.php, line 16



2015-06-07 14:54:58 Notice: Notice (8): Undefined index: TimePeriodData in [C:\wamp\www\dfa_devinfo_data_admin\src\Controller\ServicesController.php, line 50]
Trace:
Cake\Error\BaseErrorHandler::handleError() - CORE\src\Error\BaseErrorHandler.php, line 138
App\Controller\ServicesController::serviceQuery() - APP/Controller\ServicesController.php, line 50
Cake\Controller\Controller::invokeAction() - CORE\src\Controller\Controller.php, line 410
Cake\Routing\Dispatcher::_invoke() - CORE\src\Routing\Dispatcher.php, line 114
Cake\Routing\Dispatcher::dispatch() - CORE\src\Routing\Dispatcher.php, line 87
require - ROOT\webroot\index.php, line 37
[main] - ROOT\index.php, line 16



2015-06-07 14:55:51 Notice: Notice (8): Undefined index: TimePeriodData in [C:\wamp\www\dfa_devinfo_data_admin\src\Controller\ServicesController.php, line 50]
Trace:
Cake\Error\BaseErrorHandler::handleError() - CORE\src\Error\BaseErrorHandler.php, line 138
App\Controller\ServicesController::serviceQuery() - APP/Controller\ServicesController.php, line 50
Cake\Controller\Controller::invokeAction() - CORE\src\Controller\Controller.php, line 410
Cake\Routing\Dispatcher::_invoke() - CORE\src\Routing\Dispatcher.php, line 114
Cake\Routing\Dispatcher::dispatch() - CORE\src\Routing\Dispatcher.php, line 87
require - ROOT\webroot\index.php, line 37
[main] - ROOT\index.php, line 16



2015-06-07 14:55:52 Notice: Notice (8): Undefined index: TimePeriodData in [C:\wamp\www\dfa_devinfo_data_admin\src\Controller\ServicesController.php, line 50]
Trace:
Cake\Error\BaseErrorHandler::handleError() - CORE\src\Error\BaseErrorHandler.php, line 138
App\Controller\ServicesController::serviceQuery() - APP/Controller\ServicesController.php, line 50
Cake\Controller\Controller::invokeAction() - CORE\src\Controller\Controller.php, line 410
Cake\Routing\Dispatcher::_invoke() - CORE\src\Routing\Dispatcher.php, line 114
Cake\Routing\Dispatcher::dispatch() - CORE\src\Routing\Dispatcher.php, line 87
require - ROOT\webroot\index.php, line 37
[main] - ROOT\index.php, line 16



2015-06-07 14:56:28 Notice: Notice (8): Undefined index: TimePeriodData in [C:\wamp\www\dfa_devinfo_data_admin\src\Controller\ServicesController.php, line 51]
Trace:
Cake\Error\BaseErrorHandler::handleError() - CORE\src\Error\BaseErrorHandler.php, line 138
App\Controller\ServicesController::serviceQuery() - APP/Controller\ServicesController.php, line 51
Cake\Controller\Controller::invokeAction() - CORE\src\Controller\Controller.php, line 410
Cake\Routing\Dispatcher::_invoke() - CORE\src\Routing\Dispatcher.php, line 114
Cake\Routing\Dispatcher::dispatch() - CORE\src\Routing\Dispatcher.php, line 87
require - ROOT\webroot\index.php, line 37
[main] - ROOT\index.php, line 16



2015-06-07 15:19:24 Notice: Notice (8): Undefined variable: data in [C:\wamp\www\dfa_devinfo_data_admin\src\Model\Table\UTTimePeriodTable.php, line 110]
Trace:
Cake\Error\BaseErrorHandler::handleError() - CORE\src\Error\BaseErrorHandler.php, line 138
App\Model\Table\UTTimeperiodTable::savesingleTimePeriod() - APP/Model\Table\UTTimePeriodTable.php, line 110
App\Controller\Component\TimeperiodComponent::savesingleTimePeriodData() - APP/Controller\Component\TimeperiodComponent.php, line 60
App\Controller\ServicesController::serviceQuery() - APP/Controller\ServicesController.php, line 52
Cake\Controller\Controller::invokeAction() - CORE\src\Controller\Controller.php, line 410
Cake\Routing\Dispatcher::_invoke() - CORE\src\Routing\Dispatcher.php, line 114
Cake\Routing\Dispatcher::dispatch() - CORE\src\Routing\Dispatcher.php, line 87
require - ROOT\webroot\index.php, line 37
[main] - ROOT\index.php, line 16



2015-06-07 15:19:37 Notice: Notice (8): Undefined variable: data in [C:\wamp\www\dfa_devinfo_data_admin\src\Model\Table\UTTimePeriodTable.php, line 110]
Trace:
Cake\Error\BaseErrorHandler::handleError() - CORE\src\Error\BaseErrorHandler.php, line 138
App\Model\Table\UTTimeperiodTable::savesingleTimePeriod() - APP/Model\Table\UTTimePeriodTable.php, line 110
App\Controller\Component\TimeperiodComponent::savesingleTimePeriodData() - APP/Controller\Component\TimeperiodComponent.php, line 60
App\Controller\ServicesController::serviceQuery() - APP/Controller\ServicesController.php, line 52
Cake\Controller\Controller::invokeAction() - CORE\src\Controller\Controller.php, line 410
Cake\Routing\Dispatcher::_invoke() - CORE\src\Routing\Dispatcher.php, line 114
Cake\Routing\Dispatcher::dispatch() - CORE\src\Routing\Dispatcher.php, line 87
require - ROOT\webroot\index.php, line 37
[main] - ROOT\index.php, line 16



2015-06-07 15:20:03 Notice: Notice (8): Undefined variable: data in [C:\wamp\www\dfa_devinfo_data_admin\src\Model\Table\UTTimePeriodTable.php, line 110]
Trace:
Cake\Error\BaseErrorHandler::handleError() - CORE\src\Error\BaseErrorHandler.php, line 138
App\Model\Table\UTTimeperiodTable::savesingleTimePeriod() - APP/Model\Table\UTTimePeriodTable.php, line 110
App\Controller\Component\TimeperiodComponent::savesingleTimePeriodData() - APP/Controller\Component\TimeperiodComponent.php, line 60
App\Controller\ServicesController::serviceQuery() - APP/Controller\ServicesController.php, line 52
Cake\Controller\Controller::invokeAction() - CORE\src\Controller\Controller.php, line 410
Cake\Routing\Dispatcher::_invoke() - CORE\src\Routing\Dispatcher.php, line 114
Cake\Routing\Dispatcher::dispatch() - CORE\src\Routing\Dispatcher.php, line 87
require - ROOT\webroot\index.php, line 37
[main] - ROOT\index.php, line 16



